<?xml version="1.0" encoding="UTF-8"?>
<!-- Generated by org.testng.reporters.JUnitReportReporter -->
<testsuite hostname="DESKTOP-Q0O44GO" failures="0" tests="2" name="com.MenardsTestNgListeners.LogInTest" time="4.470" errors="0" timestamp="2021-06-04T21:16:24 CDT" skipped="0">
  <testcase classname="com.MenardsTestNgListeners.LogInTest" name="getTitle" time="0.018"/>
  <system-out/>
  <testcase classname="com.MenardsTestNgListeners.LogInTest" name="homePage" time="4.452"/>
  <system-out/>
</testsuite> <!-- com.MenardsTestNgListeners.LogInTest -->
