<?xml version="1.0" encoding="UTF-8"?>
<!-- Generated by org.testng.reporters.JUnitReportReporter -->
<testsuite hostname="DESKTOP-Q0O44GO" failures="0" tests="3" name="com.WalmartScreenshot.TakingScreenShot" time="14.183" errors="0" timestamp="2021-06-25T23:06:16 CDT" skipped="0">
  <testcase classname="com.WalmartScreenshot.TakingScreenShot" name="screenshotOfaPage" time="5.755"/>
  <system-out/>
  <testcase classname="com.WalmartScreenshot.TakingScreenShot" name="screenshotofaSection" time="3.840"/>
  <system-out/>
  <testcase classname="com.WalmartScreenshot.TakingScreenShot" name="screenshotOfaElement" time="4.588"/>
  <system-out/>
</testsuite> <!-- com.WalmartScreenshot.TakingScreenShot -->
